amiable  amiable@mail.com  leaves
exuberant  exuberant@mail.com  creek
joyful  joyful@mail.com  fog
merry  merry@mail.com  peak
exuberant  exuberant@mail.com  thorns
arrogant  arrogant@mail.com  valley
thoughtless  thoughtless@mail.com  sands
thoughtless  thoughtless@mail.com  foliage
pacific  pacific@mail.com  shelter
fluttering  fluttering@mail.com  tsunami
radioactive  radioactive@mail.com  hurricane
mirthful  mirthful@mail.com  hurricane
energized  energized@mail.com  canopy
outrageous  outrageous@mail.com  crater
amiable  amiable@mail.com  pine
affectionate  affectionate@mail.com  brook
outrageous  outrageous@mail.com  flowers
radioactive  radioactive@mail.com  storm
pacific  pacific@mail.com  fog
tasteless  tasteless@mail.com  dove
fluttering  fluttering@mail.com  marsh
exuberant  exuberant@mail.com  autumn
solitary  solitary@mail.com  tsunami
outrageous  outrageous@mail.com  summit
merciful  merciful@mail.com  lagoon
